<?xml version="1.0" encoding="UTF-8"?>
<robot generator="Robot 7.2.2 (Python 3.13.3 on win32)" generated="2025-06-02T19:38:53.727599" rpa="false" schemaversion="5">
<suite id="s1" name="Tags" source="C:\Users\satish.r\IdeaProjects\srrobotframework\robot\tests1\Tags.robot">
<test id="s1-t1" name="Test Case 1" line="8">
<kw name="Set Variable" owner="BuiltIn">
<msg time="2025-06-02T19:38:53.800053" level="INFO">${first} = First variable value</msg>
<var>${first}</var>
<arg>First variable value</arg>
<doc>Returns the given values which can then be assigned to a variables.</doc>
<status status="PASS" start="2025-06-02T19:38:53.799897" elapsed="0.000182"/>
</kw>
<kw name="Log To Console" owner="BuiltIn">
<arg>This is test case 1 ${first}</arg>
<doc>Logs the given message to the console.</doc>
<status status="PASS" start="2025-06-02T19:38:53.800271" elapsed="0.000268"/>
</kw>
<tag>Smoke</tag>
<status status="PASS" start="2025-06-02T19:38:53.799210" elapsed="0.001717"/>
</test>
<test id="s1-t2" name="Test Case 2" line="13">
<kw name="Set Variable" owner="BuiltIn">
<msg time="2025-06-02T19:38:53.801460" level="INFO">${second} = Second variable value</msg>
<var>${second}</var>
<arg>Second variable value</arg>
<doc>Returns the given values which can then be assigned to a variables.</doc>
<status status="PASS" start="2025-06-02T19:38:53.801364" elapsed="0.000114"/>
</kw>
<kw name="Log To Console" owner="BuiltIn">
<arg>This is test case 2 ${second}</arg>
<doc>Logs the given message to the console.</doc>
<status status="PASS" start="2025-06-02T19:38:53.801883" elapsed="0.000154"/>
</kw>
<tag>Regression</tag>
<status status="PASS" start="2025-06-02T19:38:53.801173" elapsed="0.000945"/>
</test>
<test id="s1-t3" name="Test Case 3" line="18">
<kw name="Set Variable" owner="BuiltIn">
<msg time="2025-06-02T19:38:53.802500" level="INFO">${third} = Third variable value</msg>
<var>${third}</var>
<arg>Third variable value</arg>
<doc>Returns the given values which can then be assigned to a variables.</doc>
<status status="PASS" start="2025-06-02T19:38:53.802425" elapsed="0.000091"/>
</kw>
<kw name="Log To Console" owner="BuiltIn">
<arg>This is test case 3 ${third}</arg>
<doc>Logs the given message to the console.</doc>
<status status="PASS" start="2025-06-02T19:38:53.802601" elapsed="0.000113"/>
</kw>
<tag>Regression</tag>
<status status="PASS" start="2025-06-02T19:38:53.802271" elapsed="0.000517"/>
</test>
<test id="s1-t4" name="Test Case 4" line="23">
<kw name="Log To Console" owner="BuiltIn">
<arg>This is test case 4</arg>
<doc>Logs the given message to the console.</doc>
<status status="PASS" start="2025-06-02T19:38:53.803879" elapsed="0.000129"/>
</kw>
<tag>Smoke</tag>
<status status="PASS" start="2025-06-02T19:38:53.802926" elapsed="0.001497"/>
</test>
<test id="s1-t5" name="Test Case 5" line="27">
<kw name="Log To Console" owner="BuiltIn">
<arg>This is test case 5</arg>
<doc>Logs the given message to the console.</doc>
<status status="PASS" start="2025-06-02T19:38:53.806279" elapsed="0.000250"/>
</kw>
<tag>Sanity</tag>
<status status="PASS" start="2025-06-02T19:38:53.805943" elapsed="0.000724"/>
</test>
<test id="s1-t6" name="Test Case 6" line="31">
<kw name="Log To Console" owner="BuiltIn">
<arg>This is test case 6</arg>
<doc>Logs the given message to the console.</doc>
<status status="PASS" start="2025-06-02T19:38:53.807248" elapsed="0.000108"/>
</kw>
<status status="PASS" start="2025-06-02T19:38:53.806900" elapsed="0.000539"/>
</test>
<doc>Tags in Robot Framework</doc>
<status status="PASS" start="2025-06-02T19:38:53.729710" elapsed="0.078293"/>
</suite>
<statistics>
<total>
<stat pass="6" fail="0" skip="0">All Tests</stat>
</total>
<tag>
<stat pass="2" fail="0" skip="0">Regression</stat>
<stat pass="1" fail="0" skip="0">Sanity</stat>
<stat pass="2" fail="0" skip="0">Smoke</stat>
</tag>
<suite>
<stat name="Tags" id="s1" pass="6" fail="0" skip="0">Tags</stat>
</suite>
</statistics>
<errors>
<msg time="2025-06-02T19:38:53.729856" level="ERROR">Error in file 'C:\Users\satish.r\IdeaProjects\srrobotframework\robot\tests1\Tags.robot' on line 5: Setting variable '[Arguments]' failed: Invalid variable name '[Arguments]'.</msg>
</errors>
</robot>
