<?xml version="1.0" encoding="UTF-8"?>
<robot generator="Robot 7.2.2 (Python 3.13.3 on win32)" generated="2025-06-02T12:23:43.205512" rpa="false" schemaversion="5">
<suite id="s1" name="Tags" source="C:\Users\satish.r\IdeaProjects\srrobotframework\robot\tests1\Tags.robot">
<test id="s1-t1" name="Test Case 1" line="8">
<kw name="Log To Console" owner="BuiltIn">
<arg>This is test case 1</arg>
<doc>Logs the given message to the console.</doc>
<status status="PASS" start="2025-06-02T12:23:43.261014" elapsed="0.001725"/>
</kw>
<tag>Smoke</tag>
<status status="PASS" start="2025-06-02T12:23:43.259292" elapsed="0.003846"/>
</test>
<test id="s1-t2" name="Test Case 2" line="12">
<kw name="Log To Console" owner="BuiltIn">
<arg>This is test case 2</arg>
<doc>Logs the given message to the console.</doc>
<status status="PASS" start="2025-06-02T12:23:43.265310" elapsed="0.000788"/>
</kw>
<tag>Regression</tag>
<status status="PASS" start="2025-06-02T12:23:43.264520" elapsed="0.001967"/>
</test>
<test id="s1-t3" name="Test Case 3" line="16">
<kw name="Log To Console" owner="BuiltIn">
<arg>This is test case 3</arg>
<doc>Logs the given message to the console.</doc>
<status status="PASS" start="2025-06-02T12:23:43.268548" elapsed="0.001752"/>
</kw>
<tag>Regression</tag>
<status status="PASS" start="2025-06-02T12:23:43.267965" elapsed="0.002683"/>
</test>
<test id="s1-t4" name="Test Case 4" line="20">
<kw name="Log To Console" owner="BuiltIn">
<arg>This is test case 4</arg>
<doc>Logs the given message to the console.</doc>
<status status="PASS" start="2025-06-02T12:23:43.274366" elapsed="0.000287"/>
</kw>
<tag>Smoke</tag>
<status status="PASS" start="2025-06-02T12:23:43.273915" elapsed="0.001851"/>
</test>
<test id="s1-t5" name="Test Case 5" line="24">
<kw name="Log To Console" owner="BuiltIn">
<arg>This is test case 5</arg>
<doc>Logs the given message to the console.</doc>
<status status="PASS" start="2025-06-02T12:23:43.277254" elapsed="0.000504"/>
</kw>
<tag>Sanity</tag>
<status status="PASS" start="2025-06-02T12:23:43.276699" elapsed="0.001543"/>
</test>
<test id="s1-t6" name="Test Case 6" line="28">
<kw name="Log To Console" owner="BuiltIn">
<arg>This is test case 6</arg>
<doc>Logs the given message to the console.</doc>
<status status="PASS" start="2025-06-02T12:23:43.280208" elapsed="0.000450"/>
</kw>
<status status="PASS" start="2025-06-02T12:23:43.279527" elapsed="0.001550"/>
</test>
<doc>Tags in Robot Framework</doc>
<status status="PASS" start="2025-06-02T12:23:43.208125" elapsed="0.074693"/>
</suite>
<statistics>
<total>
<stat pass="6" fail="0" skip="0">All Tests</stat>
</total>
<tag>
<stat pass="2" fail="0" skip="0">Regression</stat>
<stat pass="1" fail="0" skip="0">Sanity</stat>
<stat pass="2" fail="0" skip="0">Smoke</stat>
</tag>
<suite>
<stat name="Tags" id="s1" pass="6" fail="0" skip="0">Tags</stat>
</suite>
</statistics>
<errors>
</errors>
</robot>
